<?xml version="1.0" encoding="UTF-8"?>
<testsuite name="com.example.DemoApplicationTests" time="0" tests="1" errors="1" skipped="0" failures="0">
  <properties>
[...]
</properties>
  <testcase name="initializationError" classname="com.example.DemoApplicationTests" time="0">
    <error message="Unable to find a @SpringBootConfiguration, you need to use @ContextConfiguration or @SpringBootTest(classes=...) with your test" type="java.lang.IllegalStateException"><![CDATA[java.lang.IllegalStateException: Unable to find a @SpringBootConfiguration, you need to use @ContextConfiguration or @SpringBootTest(classes=...) with your test
	at org.springframework.util.Assert.state(Assert.java:71)
	at org.springframework.boot.test.context.SpringBootTestContextBootstrapper.getOrFindConfigurationClasses(SpringBootTestContextBootstrapper.java:185)
	at org.springframework.boot.test.context.SpringBootTestContextBootstrapper.processMergedContextConfiguration(SpringBootTestContextBootstrapper.java:141)
	at org.springframework.test.context.support.AbstractTestContextBootstrapper.buildMergedContextConfiguration(AbstractTestContextBootstrapper.java:407)
	at org.springframework.test.context.support.AbstractTestContextBootstrapper.buildDefaultMergedContextConfiguration(AbstractTestContextBootstrapper.java:323)
	at org.springframework.test.context.support.AbstractTestContextBootstrapper.buildMergedContextConfiguration(AbstractTestContextBootstrapper.java:277)
	at org.springframework.test.context.support.AbstractTestContextBootstrapper.buildTestContext(AbstractTestContextBootstrapper.java:112)
	at org.springframework.boot.test.context.SpringBootTestContextBootstrapper.buildTestContext(SpringBootTestContextBootstrapper.java:86)
	at org.springframework.test.context.TestContextManager.<init>(TestContextManager.java:135)
	at org.springframework.test.context.TestContextManager.<init>(TestContextManager.java:120)
	at org.springframework.test.context.junit4.SpringJUnit4ClassRunner.createTestContextManager(SpringJUnit4ClassRunner.java:150)
	at org.springframework.test.context.junit4.SpringJUnit4ClassRunner.<init>(SpringJUnit4ClassRunner.java:141)
	at org.springframework.test.context.junit4.SpringRunner.<init>(SpringRunner.java:49)
	at sun.reflect.NativeConstructorAccessorImpl.newInstance0(Native Method)
	at sun.reflect.NativeConstructorAccessorImpl.newInstance(NativeConstructorAccessorImpl.java:62)
	at sun.reflect.DelegatingConstructorAccessorImpl.newInstance(DelegatingConstructorAccessorImpl.java:45)
	at java.lang.reflect.Constructor.newInstance(Constructor.java:408)
	at org.junit.internal.builders.AnnotatedBuilder.buildRunner(AnnotatedBuilder.java:104)
	at org.junit.internal.builders.AnnotatedBuilder.runnerForClass(AnnotatedBuilder.java:86)
	at org.junit.runners.model.RunnerBuilder.safeRunnerForClass(RunnerBuilder.java:59)
	at org.junit.internal.builders.AllDefaultPossibilitiesBuilder.runnerForClass(AllDefaultPossibilitiesBuilder.java:26)
	at org.junit.runners.model.RunnerBuilder.safeRunnerForClass(RunnerBuilder.java:59)
	at org.junit.internal.requests.ClassRequest.getRunner(ClassRequest.java:33)
	at org.apache.maven.surefire.junit4.JUnit4Provider.execute(JUnit4Provider.java:283)
	at org.apache.maven.surefire.junit4.JUnit4Provider.executeWithRerun(JUnit4Provider.java:173)
	at org.apache.maven.surefire.junit4.JUnit4Provider.executeTestSet(JUnit4Provider.java:153)
	at org.apache.maven.surefire.junit4.JUnit4Provider.invoke(JUnit4Provider.java:128)
	at org.apache.maven.surefire.booter.ForkedBooter.invokeProviderInSameClassLoader(ForkedBooter.java:203)
	at org.apache.maven.surefire.booter.ForkedBooter.runSuitesInProcess(ForkedBooter.java:155)
	at org.apache.maven.surefire.booter.ForkedBooter.main(ForkedBooter.java:103)
]]></error>
    <system-out><![CDATA[22:59:05.676 [main] DEBUG org.springframework.test.context.junit4.SpringJUnit4ClassRunner - SpringJUnit4ClassRunner constructor called with [class com.example.DemoApplicationTests]
22:59:05.692 [main] DEBUG org.springframework.test.context.BootstrapUtils - Instantiating CacheAwareContextLoaderDelegate from class [org.springframework.test.context.cache.DefaultCacheAwareContextLoaderDelegate]
22:59:05.988 [main] DEBUG org.springframework.test.context.BootstrapUtils - Instantiating BootstrapContext using constructor [public org.springframework.test.context.support.DefaultBootstrapContext(java.lang.Class,org.springframework.test.context.CacheAwareContextLoaderDelegate)]
22:59:06.363 [main] DEBUG org.springframework.test.context.BootstrapUtils - Instantiating TestContextBootstrapper for test class [com.example.DemoApplicationTests] from class [org.springframework.boot.test.context.SpringBootTestContextBootstrapper]
22:59:06.417 [main] INFO org.springframework.boot.test.context.SpringBootTestContextBootstrapper - Neither @ContextConfiguration nor @ContextHierarchy found for test class [com.example.DemoApplicationTests], using SpringBootContextLoader
22:59:06.417 [main] DEBUG org.springframework.test.context.support.AbstractContextLoader - Did not detect default resource location for test class [com.example.DemoApplicationTests]: class path resource [com/example/DemoApplicationTests-context.xml] does not exist
22:59:06.417 [main] DEBUG org.springframework.test.context.support.AbstractContextLoader - Did not detect default resource location for test class [com.example.DemoApplicationTests]: class path resource [com/example/DemoApplicationTestsContext.groovy] does not exist
22:59:06.417 [main] INFO org.springframework.test.context.support.AbstractContextLoader - Could not detect default resource locations for test class [com.example.DemoApplicationTests]: no resource found for suffixes {-context.xml, Context.groovy}.
22:59:06.433 [main] INFO org.springframework.test.context.support.AnnotationConfigContextLoaderUtils - Could not detect default configuration classes for test class [com.example.DemoApplicationTests]: DemoApplicationTests does not declare any static, non-private, non-final, nested classes annotated with @Configuration.
22:59:06.604 [main] DEBUG org.springframework.test.context.support.ActiveProfilesUtils - Could not find an 'annotation declaring class' for annotation type [org.springframework.test.context.ActiveProfiles] and class [com.example.DemoApplicationTests]
22:59:06.651 [main] DEBUG org.springframework.core.env.StandardEnvironment - Adding [systemProperties] PropertySource with lowest search precedence
22:59:06.667 [main] DEBUG org.springframework.core.env.StandardEnvironment - Adding [systemEnvironment] PropertySource with lowest search precedence
22:59:06.667 [main] DEBUG org.springframework.core.env.StandardEnvironment - Initialized StandardEnvironment with PropertySources [systemProperties,systemEnvironment]
22:59:06.799 [main] DEBUG org.springframework.core.io.support.PathMatchingResourcePatternResolver - Resolved classpath location [com/example/] to resources [URL [file:/C:/Users/PEDRO%20LIIS/Documents/NetBeansProjects/ApiRest/target/test-classes/com/example/], URL [file:/C:/Users/PEDRO%20LIIS/Documents/NetBeansProjects/ApiRest/target/classes/com/example/]]
22:59:06.815 [main] DEBUG org.springframework.core.io.support.PathMatchingResourcePatternResolver - Looking for matching resources in directory tree [C:\Users\PEDRO LIIS\Documents\NetBeansProjects\ApiRest\target\test-classes\com\example]
22:59:06.815 [main] DEBUG org.springframework.core.io.support.PathMatchingResourcePatternResolver - Searching directory [C:\Users\PEDRO LIIS\Documents\NetBeansProjects\ApiRest\target\test-classes\com\example] for files matching pattern [C:/Users/PEDRO LIIS/Documents/NetBeansProjects/ApiRest/target/test-classes/com/example/*.class]
22:59:06.815 [main] DEBUG org.springframework.core.io.support.PathMatchingResourcePatternResolver - Looking for matching resources in directory tree [C:\Users\PEDRO LIIS\Documents\NetBeansProjects\ApiRest\target\classes\com\example]
22:59:06.815 [main] DEBUG org.springframework.core.io.support.PathMatchingResourcePatternResolver - Searching directory [C:\Users\PEDRO LIIS\Documents\NetBeansProjects\ApiRest\target\classes\com\example] for files matching pattern [C:/Users/PEDRO LIIS/Documents/NetBeansProjects/ApiRest/target/classes/com/example/*.class]
22:59:06.815 [main] DEBUG org.springframework.core.io.support.PathMatchingResourcePatternResolver - Resolved location pattern [classpath*:com/example/*.class] to resources [file [C:\Users\PEDRO LIIS\Documents\NetBeansProjects\ApiRest\target\test-classes\com\example\DemoApplicationTests.class], file [C:\Users\PEDRO LIIS\Documents\NetBeansProjects\ApiRest\target\classes\com\example\DemoApplication.class]]
22:59:06.955 [main] DEBUG org.springframework.core.io.support.PathMatchingResourcePatternResolver - Resolved classpath location [com/] to resources [URL [file:/C:/Users/PEDRO%20LIIS/Documents/NetBeansProjects/ApiRest/target/test-classes/com/], URL [file:/C:/Users/PEDRO%20LIIS/Documents/NetBeansProjects/ApiRest/target/classes/com/], URL [jar:file:/C:/Users/PEDRO%20LIIS/.m2/repository/com/fasterxml/classmate/1.3.3/classmate-1.3.3.jar!/com/], URL [jar:file:/C:/Users/PEDRO%20LIIS/.m2/repository/com/fasterxml/jackson/core/jackson-annotations/2.8.0/jackson-annotations-2.8.0.jar!/com/], URL [jar:file:/C:/Users/PEDRO%20LIIS/.m2/repository/com/fasterxml/jackson/core/jackson-databind/2.8.6/jackson-databind-2.8.6.jar!/com/], URL [jar:file:/C:/Users/PEDRO%20LIIS/.m2/repository/com/fasterxml/jackson/core/jackson-core/2.8.6/jackson-core-2.8.6.jar!/com/], URL [jar:file:/C:/Users/PEDRO%20LIIS/.m2/repository/mysql/mysql-connector-java/5.1.6/mysql-connector-java-5.1.6.jar!/com/], URL [jar:file:/C:/Users/PEDRO%20LIIS/.m2/repository/com/jayway/jsonpath/json-path/2.2.0/json-path-2.2.0.jar!/com/], URL [jar:file:/C:/Users/PEDRO%20LIIS/.m2/repository/com/github/stephenc/high-scale-lib/java_util_hashtable/1.1.4/java_util_hashtable-1.1.4.jar!/com/]]
22:59:07.064 [main] DEBUG org.springframework.core.io.support.PathMatchingResourcePatternResolver - Looking for matching resources in directory tree [C:\Users\PEDRO LIIS\Documents\NetBeansProjects\ApiRest\target\test-classes\com]
22:59:07.064 [main] DEBUG org.springframework.core.io.support.PathMatchingResourcePatternResolver - Searching directory [C:\Users\PEDRO LIIS\Documents\NetBeansProjects\ApiRest\target\test-classes\com] for files matching pattern [C:/Users/PEDRO LIIS/Documents/NetBeansProjects/ApiRest/target/test-classes/com/*.class]
22:59:07.064 [main] DEBUG org.springframework.core.io.support.PathMatchingResourcePatternResolver - Looking for matching resources in directory tree [C:\Users\PEDRO LIIS\Documents\NetBeansProjects\ApiRest\target\classes\com]
22:59:07.064 [main] DEBUG org.springframework.core.io.support.PathMatchingResourcePatternResolver - Searching directory [C:\Users\PEDRO LIIS\Documents\NetBeansProjects\ApiRest\target\classes\com] for files matching pattern [C:/Users/PEDRO LIIS/Documents/NetBeansProjects/ApiRest/target/classes/com/*.class]
22:59:07.064 [main] DEBUG org.springframework.core.io.support.PathMatchingResourcePatternResolver - Looking for matching resources in jar file [file:/C:/Users/PEDRO%20LIIS/.m2/repository/com/fasterxml/classmate/1.3.3/classmate-1.3.3.jar]
22:59:07.064 [main] DEBUG org.springframework.core.io.support.PathMatchingResourcePatternResolver - Looking for matching resources in jar file [file:/C:/Users/PEDRO%20LIIS/.m2/repository/com/fasterxml/jackson/core/jackson-annotations/2.8.0/jackson-annotations-2.8.0.jar]
22:59:07.189 [main] DEBUG org.springframework.core.io.support.PathMatchingResourcePatternResolver - Looking for matching resources in jar file [file:/C:/Users/PEDRO%20LIIS/.m2/repository/com/fasterxml/jackson/core/jackson-databind/2.8.6/jackson-databind-2.8.6.jar]
22:59:07.220 [main] DEBUG org.springframework.core.io.support.PathMatchingResourcePatternResolver - Looking for matching resources in jar file [file:/C:/Users/PEDRO%20LIIS/.m2/repository/com/fasterxml/jackson/core/jackson-core/2.8.6/jackson-core-2.8.6.jar]
22:59:07.220 [main] DEBUG org.springframework.core.io.support.PathMatchingResourcePatternResolver - Looking for matching resources in jar file [file:/C:/Users/PEDRO%20LIIS/.m2/repository/mysql/mysql-connector-java/5.1.6/mysql-connector-java-5.1.6.jar]
22:59:07.236 [main] DEBUG org.springframework.core.io.support.PathMatchingResourcePatternResolver - Looking for matching resources in jar file [file:/C:/Users/PEDRO%20LIIS/.m2/repository/com/jayway/jsonpath/json-path/2.2.0/json-path-2.2.0.jar]
22:59:07.236 [main] DEBUG org.springframework.core.io.support.PathMatchingResourcePatternResolver - Looking for matching resources in jar file [file:/C:/Users/PEDRO%20LIIS/.m2/repository/com/github/stephenc/high-scale-lib/java_util_hashtable/1.1.4/java_util_hashtable-1.1.4.jar]
22:59:07.236 [main] DEBUG org.springframework.core.io.support.PathMatchingResourcePatternResolver - Resolved location pattern [classpath*:com/*.class] to resources []
22:59:07.345 [main] DEBUG org.springframework.test.context.junit4.SpringJUnit4ClassRunner - SpringJUnit4ClassRunner constructor called with [class com.example.DemoApplicationTests]
22:59:07.345 [main] DEBUG org.springframework.test.context.BootstrapUtils - Instantiating CacheAwareContextLoaderDelegate from class [org.springframework.test.context.cache.DefaultCacheAwareContextLoaderDelegate]
22:59:07.345 [main] DEBUG org.springframework.test.context.BootstrapUtils - Instantiating BootstrapContext using constructor [public org.springframework.test.context.support.DefaultBootstrapContext(java.lang.Class,org.springframework.test.context.CacheAwareContextLoaderDelegate)]
22:59:07.345 [main] DEBUG org.springframework.test.context.BootstrapUtils - Instantiating TestContextBootstrapper for test class [com.example.DemoApplicationTests] from class [org.springframework.boot.test.context.SpringBootTestContextBootstrapper]
22:59:07.345 [main] INFO org.springframework.boot.test.context.SpringBootTestContextBootstrapper - Neither @ContextConfiguration nor @ContextHierarchy found for test class [com.example.DemoApplicationTests], using SpringBootContextLoader
22:59:07.361 [main] DEBUG org.springframework.test.context.support.AbstractContextLoader - Did not detect default resource location for test class [com.example.DemoApplicationTests]: class path resource [com/example/DemoApplicationTests-context.xml] does not exist
22:59:07.361 [main] DEBUG org.springframework.test.context.support.AbstractContextLoader - Did not detect default resource location for test class [com.example.DemoApplicationTests]: class path resource [com/example/DemoApplicationTestsContext.groovy] does not exist
22:59:07.361 [main] INFO org.springframework.test.context.support.AbstractContextLoader - Could not detect default resource locations for test class [com.example.DemoApplicationTests]: no resource found for suffixes {-context.xml, Context.groovy}.
22:59:07.361 [main] INFO org.springframework.test.context.support.AnnotationConfigContextLoaderUtils - Could not detect default configuration classes for test class [com.example.DemoApplicationTests]: DemoApplicationTests does not declare any static, non-private, non-final, nested classes annotated with @Configuration.
22:59:07.384 [main] DEBUG org.springframework.test.context.support.ActiveProfilesUtils - Could not find an 'annotation declaring class' for annotation type [org.springframework.test.context.ActiveProfiles] and class [com.example.DemoApplicationTests]
22:59:07.384 [main] DEBUG org.springframework.core.env.StandardEnvironment - Adding [systemProperties] PropertySource with lowest search precedence
22:59:07.384 [main] DEBUG org.springframework.core.env.StandardEnvironment - Adding [systemEnvironment] PropertySource with lowest search precedence
22:59:07.386 [main] DEBUG org.springframework.core.env.StandardEnvironment - Initialized StandardEnvironment with PropertySources [systemProperties,systemEnvironment]
22:59:07.389 [main] DEBUG org.springframework.core.io.support.PathMatchingResourcePatternResolver - Resolved classpath location [com/example/] to resources [URL [file:/C:/Users/PEDRO%20LIIS/Documents/NetBeansProjects/ApiRest/target/test-classes/com/example/], URL [file:/C:/Users/PEDRO%20LIIS/Documents/NetBeansProjects/ApiRest/target/classes/com/example/]]
22:59:07.389 [main] DEBUG org.springframework.core.io.support.PathMatchingResourcePatternResolver - Looking for matching resources in directory tree [C:\Users\PEDRO LIIS\Documents\NetBeansProjects\ApiRest\target\test-classes\com\example]
22:59:07.391 [main] DEBUG org.springframework.core.io.support.PathMatchingResourcePatternResolver - Searching directory [C:\Users\PEDRO LIIS\Documents\NetBeansProjects\ApiRest\target\test-classes\com\example] for files matching pattern [C:/Users/PEDRO LIIS/Documents/NetBeansProjects/ApiRest/target/test-classes/com/example/*.class]
22:59:07.394 [main] DEBUG org.springframework.core.io.support.PathMatchingResourcePatternResolver - Looking for matching resources in directory tree [C:\Users\PEDRO LIIS\Documents\NetBeansProjects\ApiRest\target\classes\com\example]
22:59:07.394 [main] DEBUG org.springframework.core.io.support.PathMatchingResourcePatternResolver - Searching directory [C:\Users\PEDRO LIIS\Documents\NetBeansProjects\ApiRest\target\classes\com\example] for files matching pattern [C:/Users/PEDRO LIIS/Documents/NetBeansProjects/ApiRest/target/classes/com/example/*.class]
22:59:07.394 [main] DEBUG org.springframework.core.io.support.PathMatchingResourcePatternResolver - Resolved location pattern [classpath*:com/example/*.class] to resources [file [C:\Users\PEDRO LIIS\Documents\NetBeansProjects\ApiRest\target\test-classes\com\example\DemoApplicationTests.class], file [C:\Users\PEDRO LIIS\Documents\NetBeansProjects\ApiRest\target\classes\com\example\DemoApplication.class]]
22:59:07.508 [main] DEBUG org.springframework.core.io.support.PathMatchingResourcePatternResolver - Resolved classpath location [com/] to resources [URL [file:/C:/Users/PEDRO%20LIIS/Documents/NetBeansProjects/ApiRest/target/test-classes/com/], URL [file:/C:/Users/PEDRO%20LIIS/Documents/NetBeansProjects/ApiRest/target/classes/com/], URL [jar:file:/C:/Users/PEDRO%20LIIS/.m2/repository/com/fasterxml/classmate/1.3.3/classmate-1.3.3.jar!/com/], URL [jar:file:/C:/Users/PEDRO%20LIIS/.m2/repository/com/fasterxml/jackson/core/jackson-annotations/2.8.0/jackson-annotations-2.8.0.jar!/com/], URL [jar:file:/C:/Users/PEDRO%20LIIS/.m2/repository/com/fasterxml/jackson/core/jackson-databind/2.8.6/jackson-databind-2.8.6.jar!/com/], URL [jar:file:/C:/Users/PEDRO%20LIIS/.m2/repository/com/fasterxml/jackson/core/jackson-core/2.8.6/jackson-core-2.8.6.jar!/com/], URL [jar:file:/C:/Users/PEDRO%20LIIS/.m2/repository/mysql/mysql-connector-java/5.1.6/mysql-connector-java-5.1.6.jar!/com/], URL [jar:file:/C:/Users/PEDRO%20LIIS/.m2/repository/com/jayway/jsonpath/json-path/2.2.0/json-path-2.2.0.jar!/com/], URL [jar:file:/C:/Users/PEDRO%20LIIS/.m2/repository/com/github/stephenc/high-scale-lib/java_util_hashtable/1.1.4/java_util_hashtable-1.1.4.jar!/com/]]
22:59:07.508 [main] DEBUG org.springframework.core.io.support.PathMatchingResourcePatternResolver - Looking for matching resources in directory tree [C:\Users\PEDRO LIIS\Documents\NetBeansProjects\ApiRest\target\test-classes\com]
22:59:07.508 [main] DEBUG org.springframework.core.io.support.PathMatchingResourcePatternResolver - Searching directory [C:\Users\PEDRO LIIS\Documents\NetBeansProjects\ApiRest\target\test-classes\com] for files matching pattern [C:/Users/PEDRO LIIS/Documents/NetBeansProjects/ApiRest/target/test-classes/com/*.class]
22:59:07.508 [main] DEBUG org.springframework.core.io.support.PathMatchingResourcePatternResolver - Looking for matching resources in directory tree [C:\Users\PEDRO LIIS\Documents\NetBeansProjects\ApiRest\target\classes\com]
22:59:07.508 [main] DEBUG org.springframework.core.io.support.PathMatchingResourcePatternResolver - Searching directory [C:\Users\PEDRO LIIS\Documents\NetBeansProjects\ApiRest\target\classes\com] for files matching pattern [C:/Users/PEDRO LIIS/Documents/NetBeansProjects/ApiRest/target/classes/com/*.class]
22:59:07.508 [main] DEBUG org.springframework.core.io.support.PathMatchingResourcePatternResolver - Looking for matching resources in jar file [file:/C:/Users/PEDRO%20LIIS/.m2/repository/com/fasterxml/classmate/1.3.3/classmate-1.3.3.jar]
22:59:07.508 [main] DEBUG org.springframework.core.io.support.PathMatchingResourcePatternResolver - Looking for matching resources in jar file [file:/C:/Users/PEDRO%20LIIS/.m2/repository/com/fasterxml/jackson/core/jackson-annotations/2.8.0/jackson-annotations-2.8.0.jar]
22:59:07.508 [main] DEBUG org.springframework.core.io.support.PathMatchingResourcePatternResolver - Looking for matching resources in jar file [file:/C:/Users/PEDRO%20LIIS/.m2/repository/com/fasterxml/jackson/core/jackson-databind/2.8.6/jackson-databind-2.8.6.jar]
22:59:07.523 [main] DEBUG org.springframework.core.io.support.PathMatchingResourcePatternResolver - Looking for matching resources in jar file [file:/C:/Users/PEDRO%20LIIS/.m2/repository/com/fasterxml/jackson/core/jackson-core/2.8.6/jackson-core-2.8.6.jar]
22:59:07.523 [main] DEBUG org.springframework.core.io.support.PathMatchingResourcePatternResolver - Looking for matching resources in jar file [file:/C:/Users/PEDRO%20LIIS/.m2/repository/mysql/mysql-connector-java/5.1.6/mysql-connector-java-5.1.6.jar]
22:59:07.523 [main] DEBUG org.springframework.core.io.support.PathMatchingResourcePatternResolver - Looking for matching resources in jar file [file:/C:/Users/PEDRO%20LIIS/.m2/repository/com/jayway/jsonpath/json-path/2.2.0/json-path-2.2.0.jar]
22:59:07.523 [main] DEBUG org.springframework.core.io.support.PathMatchingResourcePatternResolver - Looking for matching resources in jar file [file:/C:/Users/PEDRO%20LIIS/.m2/repository/com/github/stephenc/high-scale-lib/java_util_hashtable/1.1.4/java_util_hashtable-1.1.4.jar]
22:59:07.539 [main] DEBUG org.springframework.core.io.support.PathMatchingResourcePatternResolver - Resolved location pattern [classpath*:com/*.class] to resources []
]]></system-out>
  </testcase>
</testsuite>